#
# A fatal error has been detected by the Java Runtime Environment:
#
#  SIGSEGV (0xb) at pc=0x00007fff85807132, pid=678, tid=14931
#
# JRE version: Java(TM) SE Runtime Environment (8.0_40-b27) (build 1.8.0_40-b27)
# Java VM: Java HotSpot(TM) 64-Bit Server VM (25.40-b25 mixed mode bsd-amd64 compressed oops)
# Problematic frame:
# C  [libsystem_c.dylib+0x1132]  strlen+0x12
#
# Failed to write core dump. Core dumps have been disabled. To enable core dumping, try "ulimit -c unlimited" before starting Java again
#
# If you would like to submit a bug report, please visit:
#   http://bugreport.java.com/bugreport/crash.jsp
# The crash happened outside the Java Virtual Machine in native code.
# See problematic frame for where to report the bug.
#

---------------  T H R E A D  ---------------

Current thread (0x00007fe9d8b40800):  JavaThread "Thread-1" [_thread_in_native, id=14931, stack(0x00007000015e2000,0x00007000016e2000)]

siginfo: si_signo: 11 (SIGSEGV), si_code: 1 (SEGV_MAPERR), si_addr: 0x0000000000000000

Registers:
RAX=0x000000012e0cfb90, RBX=0x00007fe9d8b409f8, RCX=0x0000000000000000, RDX=0x0000000000000000
RSP=0x00007000016e0870, RBP=0x00007000016e0870, RSI=0x00007000016e0928, RDI=0x0000000000000000
R8 =0xc3000000010c00f5, R9 =0x00000000fffffff8, R10=0x000000010c015928, R11=0x000000010ab928e7
R12=0x0000000000000000, R13=0x0000000000000000, R14=0x00007000016e0940, R15=0x00007fe9d8b40800
RIP=0x00007fff85807132, EFLAGS=0x0000000000010246, ERR=0x0000000000000004
  TRAPNO=0x000000000000000e

Top of Stack: (sp=0x00007000016e0870)
0x00007000016e0870:   00007000016e08b0 000000012e0cfbba
0x00007000016e0880:   000000012d3b9918 0000000000000000
0x00007000016e0890:   000000012d3b9918 000000012d3b9918
0x00007000016e08a0:   0000000000000000 000000012d3b9918
0x00007000016e08b0:   00007000016e0918 000000010c015954
0x00007000016e08c0:   00007000016e0918 000000010c0156e7
0x00007000016e08d0:   000000010c0156a2 00007000016e08d8
0x00007000016e08e0:   000000012d3b9918 00007000016e0940
0x00007000016e08f0:   000000012d3badc8 0000000000000000
0x00007000016e0900:   000000012d3b9918 0000000000000000
0x00007000016e0910:   00007000016e0938 00007000016e0988
0x00007000016e0920:   000000010c0079d0 0000000795f8c850
0x00007000016e0930:   000000010c00f57b 0000000000000000
0x00007000016e0940:   000000010c010d82 00007000016e0948
0x00007000016e0950:   000000012d3b9809 00007000016e09b8
0x00007000016e0960:   000000012d3badc8 0000000000000000
0x00007000016e0970:   000000012d3b9870 00007000016e0938
0x00007000016e0980:   00007000016e09a8 00007000016e0a00
0x00007000016e0990:   000000010c0079d0 0000000000000000
0x00007000016e09a0:   0000000000000000 000000079774df20
0x00007000016e09b0:   0000000000000000 0000000796174848
0x00007000016e09c0:   00007000016e09c0 000000012d3c490f
0x00007000016e09d0:   00007000016e0a28 000000012d3c9e90
0x00007000016e09e0:   0000000000000000 000000012d3c4940
0x00007000016e09f0:   00007000016e09a8 00007000016e0a10
0x00007000016e0a00:   00007000016e0a70 000000010c0079d0
0x00007000016e0a10:   000000079774df20 0000000000000000
0x00007000016e0a20:   0000000700000000 0000000796174848
0x00007000016e0a30:   00007000016e0a30 000000012d3c485d
0x00007000016e0a40:   00007000016e0a90 000000012d3c9e90
0x00007000016e0a50:   0000000000000000 000000012d3c4880
0x00007000016e0a60:   00007000016e0a10 00007000016e0a80 

Instructions: (pc=0x00007fff85807132)
0x00007fff85807112:   0e 01 f3 0f 7f 44 0f 01 5d c3 90 90 90 90 55 48
0x00007fff85807122:   89 e5 48 89 f9 48 89 fa 48 83 e7 f0 66 0f ef c0
0x00007fff85807132:   66 0f 74 07 66 0f d7 f0 48 83 e1 0f 48 83 c8 ff
0x00007fff85807142:   48 d3 e0 21 c6 74 17 0f bc c6 48 29 d7 48 01 f8 

Register to memory mapping:

RAX=0x000000012e0cfb90: Java_com_sun_jna_Native_getStringBytes+0 in /private/var/folders/8h/_bk2ydys2r5b03fnvbp3q5zh0000gn/T/jna--1838631454/jna547727896210694531.tmp at 0x000000012e0cb000
RBX=0x00007fe9d8b409f8 is an unknown value
RCX=0x0000000000000000 is an unknown value
RDX=0x0000000000000000 is an unknown value
RSP=0x00007000016e0870 is pointing into the stack for thread: 0x00007fe9d8b40800
RBP=0x00007000016e0870 is pointing into the stack for thread: 0x00007fe9d8b40800
RSI=0x00007000016e0928 is pointing into the stack for thread: 0x00007fe9d8b40800
RDI=0x0000000000000000 is an unknown value
R8 =0xc3000000010c00f5 is an unknown value
R9 =0x00000000fffffff8 is an unknown value
R10=0x000000010c015928 is at code_begin+808 in an Interpreter codelet
method entry point (kind = native)  [0x000000010c015600, 0x000000010c015f00]  2304 bytes
R11=0x000000010ab928e7: throw_unsatisfied_link_error+0 in /Library/Java/JavaVirtualMachines/jdk1.8.0_40.jdk/Contents/Home/jre/lib/server/libjvm.dylib at 0x000000010a6cd000
R12=0x0000000000000000 is an unknown value
R13=0x0000000000000000 is an unknown value
R14=0x00007000016e0940 is pointing into the stack for thread: 0x00007fe9d8b40800
R15=0x00007fe9d8b40800 is a thread


Stack: [0x00007000015e2000,0x00007000016e2000],  sp=0x00007000016e0870,  free space=1018k
Native frames: (J=compiled Java code, j=interpreted, Vv=VM code, C=native code)
C  [libsystem_c.dylib+0x1132]  strlen+0x12
C  [jna547727896210694531.tmp+0x4bba]  Java_com_sun_jna_Native_getStringBytes+0x2a
j  com.sun.jna.Native.getStringBytes(J)[B+0
j  com.sun.jna.Native.getString(JLjava/lang/String;)Ljava/lang/String;+1
j  com.sun.jna.Pointer.getString(JLjava/lang/String;)Ljava/lang/String;+7
j  com.sun.jna.Pointer.getString(J)Ljava/lang/String;+5
j  ca.weblite.objc.RuntimeUtils.msg(ZZLcom/sun/jna/Pointer;Lcom/sun/jna/Pointer;[Ljava/lang/Object;)Ljava/lang/Object;+126
j  ca.weblite.objc.Client.send(Lcom/sun/jna/Pointer;Lcom/sun/jna/Pointer;[Ljava/lang/Object;)Ljava/lang/Object;+11
j  ca.weblite.objc.Client.sendProxy(Lcom/sun/jna/Pointer;Lcom/sun/jna/Pointer;[Ljava/lang/Object;)Lca/weblite/objc/Proxy;+4
j  ca.weblite.objc.Client.sendProxy(Ljava/lang/String;Ljava/lang/String;[Ljava/lang/Object;)Lca/weblite/objc/Proxy;+10
j  alice.tuprolog.lib.ObjCLibrary.new_ObjC_Object_1(Lalice/tuprolog/Term;)Z+24
v  ~StubRoutines::call_stub
V  [libjvm.dylib+0x2e036e]  JavaCalls::call_helper(JavaValue*, methodHandle*, JavaCallArguments*, Thread*)+0x6ae
V  [libjvm.dylib+0x4b4152]  Reflection::invoke(instanceKlassHandle, methodHandle, Handle, bool, objArrayHandle, BasicType, objArrayHandle, bool, Thread*)+0xdf8
V  [libjvm.dylib+0x4b466c]  Reflection::invoke_method(oopDesc*, Handle, objArrayHandle, Thread*)+0x16c
V  [libjvm.dylib+0x330544]  JVM_InvokeMethod+0x166
j  sun.reflect.NativeMethodAccessorImpl.invoke0(Ljava/lang/reflect/Method;Ljava/lang/Object;[Ljava/lang/Object;)Ljava/lang/Object;+0
j  sun.reflect.NativeMethodAccessorImpl.invoke(Ljava/lang/Object;[Ljava/lang/Object;)Ljava/lang/Object;+100
J 895 C1 sun.reflect.DelegatingMethodAccessorImpl.invoke(Ljava/lang/Object;[Ljava/lang/Object;)Ljava/lang/Object; (10 bytes) @ 0x000000010c36f64c [0x000000010c36f540+0x10c]
J 894 C1 java.lang.reflect.Method.invoke(Ljava/lang/Object;[Ljava/lang/Object;)Ljava/lang/Object; (62 bytes) @ 0x000000010c36fe14 [0x000000010c36fa20+0x3f4]
j  alice.tuprolog.PrimitiveInfo.evalAsPredicate(Lalice/tuprolog/Struct;)Z+40
j  alice.tuprolog.StateGoalEvaluation.doJob(Lalice/tuprolog/Engine;)V+33
j  alice.tuprolog.Engine.run()Lalice/tuprolog/StateEnd;+34
j  alice.tuprolog.EngineRunner.solve()Lalice/tuprolog/SolveInfo;+55
j  alice.tuprolog.EngineManager.solve(Lalice/tuprolog/Term;)Lalice/tuprolog/SolveInfo;+16
j  alice.tuprolog.Prolog.solve(Lalice/tuprolog/Term;)Lalice/tuprolog/SolveInfo;+11
j  alice.tuprolog.Prolog.solve(Ljava/lang/String;)Lalice/tuprolog/SolveInfo;+21
j  alice.tuprologx.ide.EngineThread.run()V+16
v  ~StubRoutines::call_stub
V  [libjvm.dylib+0x2e036e]  JavaCalls::call_helper(JavaValue*, methodHandle*, JavaCallArguments*, Thread*)+0x6ae
V  [libjvm.dylib+0x2e0afc]  JavaCalls::call_virtual(JavaValue*, KlassHandle, Symbol*, Symbol*, JavaCallArguments*, Thread*)+0x164
V  [libjvm.dylib+0x2e0ca8]  JavaCalls::call_virtual(JavaValue*, Handle, KlassHandle, Symbol*, Symbol*, Thread*)+0x4a
V  [libjvm.dylib+0x3331e9]  thread_entry(JavaThread*, Thread*)+0x7c
V  [libjvm.dylib+0x549acf]  JavaThread::thread_main_inner()+0x9b
V  [libjvm.dylib+0x54b1c0]  JavaThread::run()+0x1c2
V  [libjvm.dylib+0x46ea8e]  java_start(Thread*)+0xf6
C  [libsystem_pthread.dylib+0x399d]  _pthread_body+0x83
C  [libsystem_pthread.dylib+0x391a]  _pthread_body+0x0
C  [libsystem_pthread.dylib+0x1351]  thread_start+0xd
C  0x0000000000000000

Java frames: (J=compiled Java code, j=interpreted, Vv=VM code)
j  com.sun.jna.Native.getStringBytes(J)[B+0
j  com.sun.jna.Native.getString(JLjava/lang/String;)Ljava/lang/String;+1
j  com.sun.jna.Pointer.getString(JLjava/lang/String;)Ljava/lang/String;+7
j  com.sun.jna.Pointer.getString(J)Ljava/lang/String;+5
j  ca.weblite.objc.RuntimeUtils.msg(ZZLcom/sun/jna/Pointer;Lcom/sun/jna/Pointer;[Ljava/lang/Object;)Ljava/lang/Object;+126
j  ca.weblite.objc.Client.send(Lcom/sun/jna/Pointer;Lcom/sun/jna/Pointer;[Ljava/lang/Object;)Ljava/lang/Object;+11
j  ca.weblite.objc.Client.sendProxy(Lcom/sun/jna/Pointer;Lcom/sun/jna/Pointer;[Ljava/lang/Object;)Lca/weblite/objc/Proxy;+4
j  ca.weblite.objc.Client.sendProxy(Ljava/lang/String;Ljava/lang/String;[Ljava/lang/Object;)Lca/weblite/objc/Proxy;+10
j  alice.tuprolog.lib.ObjCLibrary.new_ObjC_Object_1(Lalice/tuprolog/Term;)Z+24
v  ~StubRoutines::call_stub
j  sun.reflect.NativeMethodAccessorImpl.invoke0(Ljava/lang/reflect/Method;Ljava/lang/Object;[Ljava/lang/Object;)Ljava/lang/Object;+0
j  sun.reflect.NativeMethodAccessorImpl.invoke(Ljava/lang/Object;[Ljava/lang/Object;)Ljava/lang/Object;+100
J 895 C1 sun.reflect.DelegatingMethodAccessorImpl.invoke(Ljava/lang/Object;[Ljava/lang/Object;)Ljava/lang/Object; (10 bytes) @ 0x000000010c36f64c [0x000000010c36f540+0x10c]
J 894 C1 java.lang.reflect.Method.invoke(Ljava/lang/Object;[Ljava/lang/Object;)Ljava/lang/Object; (62 bytes) @ 0x000000010c36fe14 [0x000000010c36fa20+0x3f4]
j  alice.tuprolog.PrimitiveInfo.evalAsPredicate(Lalice/tuprolog/Struct;)Z+40
j  alice.tuprolog.StateGoalEvaluation.doJob(Lalice/tuprolog/Engine;)V+33
j  alice.tuprolog.Engine.run()Lalice/tuprolog/StateEnd;+34
j  alice.tuprolog.EngineRunner.solve()Lalice/tuprolog/SolveInfo;+55
j  alice.tuprolog.EngineManager.solve(Lalice/tuprolog/Term;)Lalice/tuprolog/SolveInfo;+16
j  alice.tuprolog.Prolog.solve(Lalice/tuprolog/Term;)Lalice/tuprolog/SolveInfo;+11
j  alice.tuprolog.Prolog.solve(Ljava/lang/String;)Lalice/tuprolog/SolveInfo;+21
j  alice.tuprologx.ide.EngineThread.run()V+16
v  ~StubRoutines::call_stub

---------------  P R O C E S S  ---------------

Java Threads: ( => current thread )
=>0x00007fe9d8b40800 JavaThread "Thread-1" [_thread_in_native, id=14931, stack(0x00007000015e2000,0x00007000016e2000)]
  0x00007fe9d90b1000 JavaThread "Image Fetcher 0" daemon [_thread_blocked, id=34551, stack(0x00007000010cd000,0x00007000011cd000)]
  0x00007fe9d9d34000 JavaThread "DestroyJavaVM" [_thread_blocked, id=4099, stack(0x0000700000084000,0x0000700000184000)]
  0x00007fe9d8d28000 JavaThread "TimerQueue" daemon [_thread_blocked, id=58919, stack(0x000070000186b000,0x000070000196b000)]
  0x00007fe9d9b5d800 JavaThread "AWT-EventQueue-0" [_thread_blocked, id=54547, stack(0x00007000016e5000,0x00007000017e5000)]
  0x00007fe9d8996000 JavaThread "Java2D Disposer" daemon [_thread_blocked, id=53507, stack(0x00007000014df000,0x00007000015df000)]
  0x00007fe9d907d000 JavaThread "Java2D Queue Flusher" daemon [_thread_blocked, id=50443, stack(0x00007000013dc000,0x00007000014dc000)]
  0x00007fe9d88c3800 JavaThread "AWT-Shutdown" [_thread_blocked, id=29715, stack(0x0000700001256000,0x0000700001356000)]
  0x00007fe9d9886800 JavaThread "AppKit Thread" daemon [_thread_in_native, id=2571, stack(0x00007fff54faf000,0x00007fff557af000)]
  0x00007fe9da00e800 JavaThread "Service Thread" daemon [_thread_blocked, id=18691, stack(0x0000700000e44000,0x0000700000f44000)]
  0x00007fe9d9843800 JavaThread "C1 CompilerThread2" daemon [_thread_blocked, id=18179, stack(0x0000700000d41000,0x0000700000e41000)]
  0x00007fe9d9840000 JavaThread "C2 CompilerThread1" daemon [_thread_blocked, id=17667, stack(0x0000700000c3e000,0x0000700000d3e000)]
  0x00007fe9d9017000 JavaThread "C2 CompilerThread0" daemon [_thread_blocked, id=17155, stack(0x0000700000b3b000,0x0000700000c3b000)]
  0x00007fe9d9813000 JavaThread "Signal Dispatcher" daemon [_thread_blocked, id=13839, stack(0x0000700000a38000,0x0000700000b38000)]
  0x00007fe9d882d000 JavaThread "Finalizer" daemon [_thread_blocked, id=12291, stack(0x000070000082f000,0x000070000092f000)]
  0x00007fe9d882c800 JavaThread "Reference Handler" daemon [_thread_blocked, id=11779, stack(0x000070000072c000,0x000070000082c000)]

Other Threads:
  0x00007fe9d9836000 VMThread [stack: 0x0000700000629000,0x0000700000729000] [id=11267]
  0x00007fe9da011000 WatcherThread [stack: 0x0000700000f47000,0x0000700001047000] [id=19203]

VM state:not at safepoint (normal execution)

VM Mutex/Monitor currently owned by a thread: None

Heap:
 PSYoungGen      total 38400K, used 17439K [0x0000000795580000, 0x0000000798000000, 0x00000007c0000000)
  eden space 33280K, 37% used [0x0000000795580000,0x0000000796188390,0x0000000797600000)
  from space 5120K, 99% used [0x0000000797600000,0x0000000797affc00,0x0000000797b00000)
  to   space 5120K, 0% used [0x0000000797b00000,0x0000000797b00000,0x0000000798000000)
 ParOldGen       total 87552K, used 5323K [0x0000000740000000, 0x0000000745580000, 0x0000000795580000)
  object space 87552K, 6% used [0x0000000740000000,0x0000000740532eb0,0x0000000745580000)
 Metaspace       used 18663K, capacity 18980K, committed 19200K, reserved 1067008K
  class space    used 2420K, capacity 2494K, committed 2560K, reserved 1048576K

Card table byte_map: [0x000000011b3c0000,0x000000011b7c1000] byte_map_base: 0x00000001179c0000

Marking Bits: (ParMarkBitMap*) 0x000000010af8f7a0
 Begin Bits: [0x000000011ba6c000, 0x000000011da6c000)
 End Bits:   [0x000000011da6c000, 0x000000011fa6c000)

Polling page: 0x000000010b67d000

CodeCache: size=245760Kb used=7165Kb max_used=7179Kb free=238594Kb
 bounds [0x000000010c000000, 0x000000010c710000, 0x000000011b000000]
 total_blobs=2822 nmethods=2253 adapters=480
 compilation: enabled

Compilation events (10 events):
Event: 53.922 Thread 0x00007fe9d9843800 nmethod 2361 0x000000010c6fab90 code [0x000000010c6fad00, 0x000000010c6fb028]
Event: 53.922 Thread 0x00007fe9d9843800 2362   !   3       sun.misc.Resource::getBytes (242 bytes)
Event: 53.924 Thread 0x00007fe9d9843800 nmethod 2362 0x000000010c701210 code [0x000000010c701500, 0x000000010c702dc8]
Event: 53.924 Thread 0x00007fe9d9843800 2363       3       java.util.jar.JarFile::getManifest (5 bytes)
Event: 53.924 Thread 0x00007fe9d9843800 nmethod 2363 0x000000010c6fa810 code [0x000000010c6fa980, 0x000000010c6fab08]
Event: 53.924 Thread 0x00007fe9d9843800 2364       3       sun.misc.URLClassPath$JarLoader$2::getCodeSourceURL (8 bytes)
Event: 53.924 Thread 0x00007fe9d9843800 nmethod 2364 0x000000010c6fa490 code [0x000000010c6fa600, 0x000000010c6fa770]
Event: 53.925 Thread 0x00007fe9d9843800 2365       3       java.lang.System::checkKey (34 bytes)
Event: 53.925 Thread 0x00007fe9d9843800 nmethod 2365 0x000000010c6fc590 code [0x000000010c6fc740, 0x000000010c6fcb28]
Event: 53.927 Thread 0x00007fe9d9843800 2366       3       sun.reflect.NativeMethodAccessorImpl::invoke (104 bytes)

GC Heap History (2 events):
Event: 1.659 GC heap before
{Heap before GC invocations=1 (full 0):
 PSYoungGen      total 38400K, used 31947K [0x0000000795580000, 0x0000000798000000, 0x00000007c0000000)
  eden space 33280K, 95% used [0x0000000795580000,0x00000007974b2d48,0x0000000797600000)
  from space 5120K, 0% used [0x0000000797b00000,0x0000000797b00000,0x0000000798000000)
  to   space 5120K, 0% used [0x0000000797600000,0x0000000797600000,0x0000000797b00000)
 ParOldGen       total 87552K, used 0K [0x0000000740000000, 0x0000000745580000, 0x0000000795580000)
  object space 87552K, 0% used [0x0000000740000000,0x0000000740000000,0x0000000745580000)
 Metaspace       used 16844K, capacity 17126K, committed 17280K, reserved 1064960K
  class space    used 2286K, capacity 2395K, committed 2432K, reserved 1048576K
Event: 1.668 GC heap after
Heap after GC invocations=1 (full 0):
 PSYoungGen      total 38400K, used 5119K [0x0000000795580000, 0x0000000798000000, 0x00000007c0000000)
  eden space 33280K, 0% used [0x0000000795580000,0x0000000795580000,0x0000000797600000)
  from space 5120K, 99% used [0x0000000797600000,0x0000000797affc00,0x0000000797b00000)
  to   space 5120K, 0% used [0x0000000797b00000,0x0000000797b00000,0x0000000798000000)
 ParOldGen       total 87552K, used 5323K [0x0000000740000000, 0x0000000745580000, 0x0000000795580000)
  object space 87552K, 6% used [0x0000000740000000,0x0000000740532eb0,0x0000000745580000)
 Metaspace       used 16844K, capacity 17126K, committed 17280K, reserved 1064960K
  class space    used 2286K, capacity 2395K, committed 2432K, reserved 1048576K
}

Deoptimization events (10 events):
Event: 53.879 Thread 0x00007fe9d8b40800 Uncommon trap: reason=class_check action=maybe_recompile pc=0x000000010c50f5fc method=java.util.HashMap.putVal(ILjava/lang/Object;Ljava/lang/Object;ZZ)Ljava/lang/Object; @ 253
Event: 53.879 Thread 0x00007fe9d8b40800 Uncommon trap: reason=class_check action=maybe_recompile pc=0x000000010c50f5fc method=java.util.HashMap.putVal(ILjava/lang/Object;Ljava/lang/Object;ZZ)Ljava/lang/Object; @ 253
Event: 53.879 Thread 0x00007fe9d8b40800 Uncommon trap: reason=class_check action=maybe_recompile pc=0x000000010c50f5fc method=java.util.HashMap.putVal(ILjava/lang/Object;Ljava/lang/Object;ZZ)Ljava/lang/Object; @ 253
Event: 53.905 Thread 0x00007fe9d8b40800 Uncommon trap: reason=unstable_if action=reinterpret pc=0x000000010c300b28 method=java.util.HashMap.getNode(ILjava/lang/Object;)Ljava/util/HashMap$Node; @ 62
Event: 53.905 Thread 0x00007fe9d8b40800 Uncommon trap: reason=bimorphic action=maybe_recompile pc=0x000000010c6439f8 method=java.util.HashMap.putVal(ILjava/lang/Object;Ljava/lang/Object;ZZ)Ljava/lang/Object; @ 91
Event: 53.905 Thread 0x00007fe9d8b40800 Uncommon trap: reason=unstable_if action=reinterpret pc=0x000000010c2689ec method=java.util.HashMap.getNode(ILjava/lang/Object;)Ljava/util/HashMap$Node; @ 62
Event: 53.905 Thread 0x00007fe9d8b40800 Uncommon trap: reason=bimorphic action=maybe_recompile pc=0x000000010c6439f8 method=java.util.HashMap.putVal(ILjava/lang/Object;Ljava/lang/Object;ZZ)Ljava/lang/Object; @ 91
Event: 53.906 Thread 0x00007fe9d8b40800 Uncommon trap: reason=bimorphic action=maybe_recompile pc=0x000000010c6439f8 method=java.util.HashMap.putVal(ILjava/lang/Object;Ljava/lang/Object;ZZ)Ljava/lang/Object; @ 91
Event: 53.906 Thread 0x00007fe9d8b40800 Uncommon trap: reason=bimorphic action=maybe_recompile pc=0x000000010c6439f8 method=java.util.HashMap.putVal(ILjava/lang/Object;Ljava/lang/Object;ZZ)Ljava/lang/Object; @ 91
Event: 53.907 Thread 0x00007fe9d8b40800 Uncommon trap: reason=bimorphic action=maybe_recompile pc=0x000000010c1b3254 method=java.util.HashMap.putVal(ILjava/lang/Object;Ljava/lang/Object;ZZ)Ljava/lang/Object; @ 91

Internal exceptions (10 events):
Event: 0.865 Thread 0x00007fe9da001800 Exception <a 'java/io/FileNotFoundException'> (0x0000000796928508) thrown at [/Users/java_re/workspace/8-2-build-macosx-x86_64/jdk8u40/3153/hotspot/src/share/vm/prims/jni.cpp, line 709]
Event: 0.866 Thread 0x00007fe9da001800 Exception <a 'java/io/FileNotFoundException'> (0x000000079692d1e8) thrown at [/Users/java_re/workspace/8-2-build-macosx-x86_64/jdk8u40/3153/hotspot/src/share/vm/prims/jni.cpp, line 709]
Event: 0.870 Thread 0x00007fe9da001800 Exception <a 'java/io/FileNotFoundException'> (0x0000000796935810) thrown at [/Users/java_re/workspace/8-2-build-macosx-x86_64/jdk8u40/3153/hotspot/src/share/vm/prims/jni.cpp, line 709]
Event: 1.449 Thread 0x00007fe9da001800 Exception <a 'java/io/FileNotFoundException'> (0x0000000796f77e20) thrown at [/Users/java_re/workspace/8-2-build-macosx-x86_64/jdk8u40/3153/hotspot/src/share/vm/prims/jni.cpp, line 709]
Event: 1.450 Thread 0x00007fe9da001800 Exception <a 'java/io/FileNotFoundException'> (0x0000000796f7cb80) thrown at [/Users/java_re/workspace/8-2-build-macosx-x86_64/jdk8u40/3153/hotspot/src/share/vm/prims/jni.cpp, line 709]
Event: 1.451 Thread 0x00007fe9da001800 Exception <a 'java/io/FileNotFoundException'> (0x0000000796f818e0) thrown at [/Users/java_re/workspace/8-2-build-macosx-x86_64/jdk8u40/3153/hotspot/src/share/vm/prims/jni.cpp, line 709]
Event: 1.453 Thread 0x00007fe9da001800 Exception <a 'java/io/FileNotFoundException'> (0x0000000796f868c8) thrown at [/Users/java_re/workspace/8-2-build-macosx-x86_64/jdk8u40/3153/hotspot/src/share/vm/prims/jni.cpp, line 709]
Event: 1.454 Thread 0x00007fe9da001800 Exception <a 'java/io/FileNotFoundException'> (0x0000000796f8bc20) thrown at [/Users/java_re/workspace/8-2-build-macosx-x86_64/jdk8u40/3153/hotspot/src/share/vm/prims/jni.cpp, line 709]
Event: 1.673 Thread 0x00007fe9d882d000 Exception <a 'java/lang/NullPointerException'> (0x000000079580edd8) thrown at [/Users/java_re/workspace/8-2-build-macosx-x86_64/jdk8u40/3153/hotspot/src/share/vm/interpreter/linkResolver.cpp, line 1178]
Event: 1.673 Thread 0x00007fe9d882d000 Exception <a 'java/lang/NullPointerException'> (0x000000079580efb8) thrown at [/Users/java_re/workspace/8-2-build-macosx-x86_64/jdk8u40/3153/hotspot/src/share/vm/interpreter/linkResolver.cpp, line 1178]

Events (10 events):
Event: 53.924 loading class java/lang/reflect/AnnotatedType
Event: 53.924 loading class java/lang/reflect/AnnotatedType done
Event: 53.924 loading class com/sun/jna/NativeString
Event: 53.924 loading class com/sun/jna/NativeString done
Event: 53.925 loading class com/sun/jna/Memory$SharedMemory
Event: 53.925 loading class com/sun/jna/Memory$SharedMemory done
Event: 53.925 loading class com/sun/jna/WeakIdentityHashMap
Event: 53.925 loading class com/sun/jna/WeakIdentityHashMap done
Event: 53.927 loading class com/sun/jna/Function$PostCallRead
Event: 53.927 loading class com/sun/jna/Function$PostCallRead done


Dynamic libraries:
0x0000000002fdd000 	/System/Library/Frameworks/Cocoa.framework/Versions/A/Cocoa
0x0000000002fdd000 	/System/Library/Frameworks/Security.framework/Versions/A/Security
0x0000000002fdd000 	/System/Library/Frameworks/ApplicationServices.framework/Versions/A/ApplicationServices
0x0000000002fdd000 	/usr/lib/libz.1.dylib
0x0000000002fdd000 	/usr/lib/libSystem.B.dylib
0x0000000002fdd000 	/usr/lib/libobjc.A.dylib
0x0000000002fdd000 	/System/Library/Frameworks/CoreFoundation.framework/Versions/A/CoreFoundation
0x0000000002fdd000 	/System/Library/Frameworks/Foundation.framework/Versions/C/Foundation
0x0000000002fdd000 	/System/Library/Frameworks/AppKit.framework/Versions/C/AppKit
0x0000000002fdd000 	/System/Library/Frameworks/CoreData.framework/Versions/A/CoreData
0x0000000002fdd000 	/System/Library/PrivateFrameworks/RemoteViewServices.framework/Versions/A/RemoteViewServices
0x0000000002fdd000 	/System/Library/PrivateFrameworks/UIFoundation.framework/Versions/A/UIFoundation
0x0000000002fdd000 	/usr/lib/libScreenReader.dylib
0x0000000002fdd000 	/System/Library/Frameworks/Accelerate.framework/Versions/A/Accelerate
0x0000000002fdd000 	/System/Library/Frameworks/IOSurface.framework/Versions/A/IOSurface
0x0000000002fdd000 	/System/Library/Frameworks/AudioToolbox.framework/Versions/A/AudioToolbox
0x0000000002fdd000 	/System/Library/Frameworks/AudioUnit.framework/Versions/A/AudioUnit
0x0000000002fdd000 	/System/Library/PrivateFrameworks/DataDetectorsCore.framework/Versions/A/DataDetectorsCore
0x0000000002fdd000 	/System/Library/PrivateFrameworks/DesktopServicesPriv.framework/Versions/A/DesktopServicesPriv
0x0000000002fdd000 	/System/Library/Frameworks/Carbon.framework/Versions/A/Frameworks/HIToolbox.framework/Versions/A/HIToolbox
0x0000000002fdd000 	/System/Library/Frameworks/QuartzCore.framework/Versions/A/QuartzCore
0x0000000002fdd000 	/System/Library/Frameworks/Carbon.framework/Versions/A/Frameworks/SpeechRecognition.framework/Versions/A/SpeechRecognition
0x0000000002fdd000 	/usr/lib/libauto.dylib
0x0000000002fdd000 	/usr/lib/libicucore.A.dylib
0x0000000002fdd000 	/usr/lib/libxml2.2.dylib
0x0000000002fdd000 	/System/Library/PrivateFrameworks/CoreUI.framework/Versions/A/CoreUI
0x0000000002fdd000 	/System/Library/Frameworks/CoreAudio.framework/Versions/A/CoreAudio
0x0000000002fdd000 	/System/Library/Frameworks/DiskArbitration.framework/Versions/A/DiskArbitration
0x0000000002fdd000 	/usr/lib/liblangid.dylib
0x0000000002fdd000 	/System/Library/PrivateFrameworks/MultitouchSupport.framework/Versions/A/MultitouchSupport
0x0000000002fdd000 	/System/Library/Frameworks/IOKit.framework/Versions/A/IOKit
0x0000000002fdd000 	/usr/lib/libDiagnosticMessagesClient.dylib
0x0000000002fdd000 	/System/Library/Frameworks/CoreServices.framework/Versions/A/CoreServices
0x0000000002fdd000 	/System/Library/PrivateFrameworks/PerformanceAnalysis.framework/Versions/A/PerformanceAnalysis
0x0000000002fdd000 	/System/Library/PrivateFrameworks/GenerationalStorage.framework/Versions/A/GenerationalStorage
0x0000000002fdd000 	/System/Library/Frameworks/OpenGL.framework/Versions/A/OpenGL
0x0000000002fdd000 	/System/Library/PrivateFrameworks/Sharing.framework/Versions/A/Sharing
0x0000000002fdd000 	/System/Library/Frameworks/CoreGraphics.framework/Versions/A/CoreGraphics
0x0000000002fdd000 	/System/Library/Frameworks/CoreImage.framework/Versions/A/CoreImage
0x0000000002fdd000 	/System/Library/Frameworks/CoreText.framework/Versions/A/CoreText
0x0000000002fdd000 	/System/Library/Frameworks/ImageIO.framework/Versions/A/ImageIO
0x0000000002fdd000 	/System/Library/PrivateFrameworks/Backup.framework/Versions/A/Backup
0x0000000002fdd000 	/usr/lib/libextension.dylib
0x0000000002fdd000 	/usr/lib/libarchive.2.dylib
0x0000000002fdd000 	/System/Library/Frameworks/CFNetwork.framework/Versions/A/CFNetwork
0x0000000002fdd000 	/System/Library/Frameworks/SystemConfiguration.framework/Versions/A/SystemConfiguration
0x0000000002fdd000 	/usr/lib/libCRFSuite.dylib
0x0000000002fdd000 	/usr/lib/libc++.1.dylib
0x0000000002fdd000 	/usr/lib/libc++abi.dylib
0x0000000002fdd000 	/usr/lib/system/libcache.dylib
0x0000000002fdd000 	/usr/lib/system/libcommonCrypto.dylib
0x0000000002fdd000 	/usr/lib/system/libcompiler_rt.dylib
0x0000000002fdd000 	/usr/lib/system/libcopyfile.dylib
0x0000000002fdd000 	/usr/lib/system/libcorecrypto.dylib
0x0000000002fdd000 	/usr/lib/system/libdispatch.dylib
0x0000000002fdd000 	/usr/lib/system/libdyld.dylib
0x0000000002fdd000 	/usr/lib/system/libkeymgr.dylib
0x0000000002fdd000 	/usr/lib/system/liblaunch.dylib
0x0000000002fdd000 	/usr/lib/system/libmacho.dylib
0x0000000002fdd000 	/usr/lib/system/libquarantine.dylib
0x0000000002fdd000 	/usr/lib/system/libremovefile.dylib
0x0000000002fdd000 	/usr/lib/system/libsystem_asl.dylib
0x0000000002fdd000 	/usr/lib/system/libsystem_blocks.dylib
0x0000000002fdd000 	/usr/lib/system/libsystem_c.dylib
0x0000000002fdd000 	/usr/lib/system/libsystem_configuration.dylib
0x0000000002fdd000 	/usr/lib/system/libsystem_coreservices.dylib
0x0000000002fdd000 	/usr/lib/system/libsystem_coretls.dylib
0x0000000002fdd000 	/usr/lib/system/libsystem_dnssd.dylib
0x0000000002fdd000 	/usr/lib/system/libsystem_info.dylib
0x0000000002fdd000 	/usr/lib/system/libsystem_kernel.dylib
0x0000000002fdd000 	/usr/lib/system/libsystem_m.dylib
0x0000000002fdd000 	/usr/lib/system/libsystem_malloc.dylib
0x0000000002fdd000 	/usr/lib/system/libsystem_network.dylib
0x0000000002fdd000 	/usr/lib/system/libsystem_networkextension.dylib
0x0000000002fdd000 	/usr/lib/system/libsystem_notify.dylib
0x0000000002fdd000 	/usr/lib/system/libsystem_platform.dylib
0x0000000002fdd000 	/usr/lib/system/libsystem_pthread.dylib
0x0000000002fdd000 	/usr/lib/system/libsystem_sandbox.dylib
0x0000000002fdd000 	/usr/lib/system/libsystem_secinit.dylib
0x0000000002fdd000 	/usr/lib/system/libsystem_trace.dylib
0x0000000002fdd000 	/usr/lib/system/libunc.dylib
0x0000000002fdd000 	/usr/lib/system/libunwind.dylib
0x0000000002fdd000 	/usr/lib/system/libxpc.dylib
0x0000000002fdd000 	/usr/lib/libenergytrace.dylib
0x0000000002fdd000 	/usr/lib/libbsm.0.dylib
0x0000000002fdd000 	/usr/lib/system/libkxld.dylib
0x0000000002fdd000 	/usr/lib/libxar.1.dylib
0x0000000002fdd000 	/usr/lib/libsqlite3.dylib
0x0000000002fdd000 	/usr/lib/libpam.2.dylib
0x0000000002fdd000 	/usr/lib/libOpenScriptingUtil.dylib
0x0000000002fdd000 	/usr/lib/libbz2.1.0.dylib
0x0000000002fdd000 	/usr/lib/liblzma.5.dylib
0x0000000002fdd000 	/System/Library/Frameworks/CoreServices.framework/Versions/A/Frameworks/FSEvents.framework/Versions/A/FSEvents
0x0000000002fdd000 	/System/Library/Frameworks/CoreServices.framework/Versions/A/Frameworks/CarbonCore.framework/Versions/A/CarbonCore
0x0000000002fdd000 	/System/Library/Frameworks/CoreServices.framework/Versions/A/Frameworks/Metadata.framework/Versions/A/Metadata
0x0000000002fdd000 	/System/Library/Frameworks/CoreServices.framework/Versions/A/Frameworks/OSServices.framework/Versions/A/OSServices
0x0000000002fdd000 	/System/Library/Frameworks/CoreServices.framework/Versions/A/Frameworks/SearchKit.framework/Versions/A/SearchKit
0x0000000002fdd000 	/System/Library/Frameworks/CoreServices.framework/Versions/A/Frameworks/AE.framework/Versions/A/AE
0x0000000002fdd000 	/System/Library/Frameworks/CoreServices.framework/Versions/A/Frameworks/LaunchServices.framework/Versions/A/LaunchServices
0x0000000002fdd000 	/System/Library/Frameworks/CoreServices.framework/Versions/A/Frameworks/DictionaryServices.framework/Versions/A/DictionaryServices
0x0000000002fdd000 	/System/Library/Frameworks/CoreServices.framework/Versions/A/Frameworks/SharedFileList.framework/Versions/A/SharedFileList
0x0000000002fdd000 	/System/Library/Frameworks/NetFS.framework/Versions/A/NetFS
0x0000000002fdd000 	/System/Library/PrivateFrameworks/NetAuth.framework/Versions/A/NetAuth
0x0000000002fdd000 	/System/Library/PrivateFrameworks/login.framework/Versions/A/Frameworks/loginsupport.framework/Versions/A/loginsupport
0x0000000002fdd000 	/System/Library/PrivateFrameworks/TCC.framework/Versions/A/TCC
0x0000000002fdd000 	/usr/lib/libmecabra.dylib
0x0000000002fdd000 	/System/Library/Frameworks/ApplicationServices.framework/Versions/A/Frameworks/ATS.framework/Versions/A/ATS
0x0000000002fdd000 	/System/Library/Frameworks/ApplicationServices.framework/Versions/A/Frameworks/ColorSync.framework/Versions/A/ColorSync
0x0000000002fdd000 	/System/Library/Frameworks/ApplicationServices.framework/Versions/A/Frameworks/HIServices.framework/Versions/A/HIServices
0x0000000002fdd000 	/System/Library/Frameworks/ApplicationServices.framework/Versions/A/Frameworks/LangAnalysis.framework/Versions/A/LangAnalysis
0x0000000002fdd000 	/System/Library/Frameworks/ApplicationServices.framework/Versions/A/Frameworks/PrintCore.framework/Versions/A/PrintCore
0x0000000002fdd000 	/System/Library/Frameworks/ApplicationServices.framework/Versions/A/Frameworks/QD.framework/Versions/A/QD
0x0000000002fdd000 	/System/Library/Frameworks/ApplicationServices.framework/Versions/A/Frameworks/SpeechSynthesis.framework/Versions/A/SpeechSynthesis
0x0000000002fdd000 	/System/Library/Frameworks/Metal.framework/Versions/A/Metal
0x0000000002fdd000 	/System/Library/Frameworks/Accelerate.framework/Versions/A/Frameworks/vImage.framework/Versions/A/vImage
0x0000000002fdd000 	/System/Library/Frameworks/Accelerate.framework/Versions/A/Frameworks/vecLib.framework/Versions/A/vecLib
0x0000000002fdd000 	/System/Library/Frameworks/Accelerate.framework/Versions/A/Frameworks/vecLib.framework/Versions/A/libvDSP.dylib
0x0000000002fdd000 	/System/Library/Frameworks/Accelerate.framework/Versions/A/Frameworks/vecLib.framework/Versions/A/libvMisc.dylib
0x0000000002fdd000 	/System/Library/Frameworks/Accelerate.framework/Versions/A/Frameworks/vecLib.framework/Versions/A/libLAPACK.dylib
0x0000000002fdd000 	/System/Library/Frameworks/Accelerate.framework/Versions/A/Frameworks/vecLib.framework/Versions/A/libBLAS.dylib
0x0000000002fdd000 	/System/Library/Frameworks/Accelerate.framework/Versions/A/Frameworks/vecLib.framework/Versions/A/libLinearAlgebra.dylib
0x0000000002fdd000 	/System/Library/Frameworks/Accelerate.framework/Versions/A/Frameworks/vecLib.framework/Versions/A/libSparseBLAS.dylib
0x0000000002fdd000 	/System/Library/PrivateFrameworks/GPUCompiler.framework/libmetal_timestamp.dylib
0x0000000002fdd000 	/System/Library/Frameworks/OpenGL.framework/Versions/A/Libraries/libCoreFSCache.dylib
0x0000000002fdd000 	/System/Library/PrivateFrameworks/IOAccelerator.framework/Versions/A/IOAccelerator
0x0000000002fdd000 	/System/Library/Frameworks/ApplicationServices.framework/Versions/A/Frameworks/ATS.framework/Versions/A/Resources/libFontParser.dylib
0x0000000002fdd000 	/System/Library/Frameworks/ApplicationServices.framework/Versions/A/Frameworks/ATS.framework/Versions/A/Resources/libFontRegistry.dylib
0x0000000002fdd000 	/System/Library/PrivateFrameworks/AppleVPA.framework/Versions/A/AppleVPA
0x0000000002fdd000 	/System/Library/PrivateFrameworks/AppleJPEG.framework/Versions/A/AppleJPEG
0x0000000002fdd000 	/System/Library/Frameworks/ImageIO.framework/Versions/A/Resources/libJPEG.dylib
0x0000000002fdd000 	/System/Library/Frameworks/ImageIO.framework/Versions/A/Resources/libTIFF.dylib
0x0000000002fdd000 	/System/Library/Frameworks/ImageIO.framework/Versions/A/Resources/libPng.dylib
0x0000000002fdd000 	/System/Library/Frameworks/ImageIO.framework/Versions/A/Resources/libGIF.dylib
0x0000000002fdd000 	/System/Library/Frameworks/ImageIO.framework/Versions/A/Resources/libJP2.dylib
0x0000000002fdd000 	/System/Library/Frameworks/ImageIO.framework/Versions/A/Resources/libRadiance.dylib
0x0000000002fdd000 	/System/Library/Frameworks/CoreVideo.framework/Versions/A/CoreVideo
0x0000000002fdd000 	/System/Library/Frameworks/OpenGL.framework/Versions/A/Libraries/libGLU.dylib
0x0000000002fdd000 	/System/Library/Frameworks/OpenGL.framework/Versions/A/Libraries/libGFXShared.dylib
0x0000000002fdd000 	/System/Library/Frameworks/OpenGL.framework/Versions/A/Libraries/libGL.dylib
0x0000000002fdd000 	/System/Library/Frameworks/OpenGL.framework/Versions/A/Libraries/libGLImage.dylib
0x0000000002fdd000 	/System/Library/Frameworks/OpenGL.framework/Versions/A/Libraries/libCVMSPluginSupport.dylib
0x0000000002fdd000 	/System/Library/Frameworks/OpenGL.framework/Versions/A/Libraries/libCoreVMClient.dylib
0x0000000002fdd000 	/usr/lib/libcompression.dylib
0x0000000002fdd000 	/usr/lib/libcups.2.dylib
0x0000000002fdd000 	/System/Library/Frameworks/Kerberos.framework/Versions/A/Kerberos
0x0000000002fdd000 	/System/Library/Frameworks/GSS.framework/Versions/A/GSS
0x0000000002fdd000 	/usr/lib/libresolv.9.dylib
0x0000000002fdd000 	/usr/lib/libiconv.2.dylib
0x0000000002fdd000 	/System/Library/PrivateFrameworks/Heimdal.framework/Versions/A/Heimdal
0x0000000002fdd000 	/usr/lib/libheimdal-asn1.dylib
0x0000000002fdd000 	/System/Library/Frameworks/OpenDirectory.framework/Versions/A/OpenDirectory
0x0000000002fdd000 	/System/Library/PrivateFrameworks/CommonAuth.framework/Versions/A/CommonAuth
0x0000000002fdd000 	/System/Library/Frameworks/OpenDirectory.framework/Versions/A/Frameworks/CFOpenDirectory.framework/Versions/A/CFOpenDirectory
0x0000000002fdd000 	/System/Library/Frameworks/SecurityFoundation.framework/Versions/A/SecurityFoundation
0x0000000002fdd000 	/System/Library/PrivateFrameworks/LanguageModeling.framework/Versions/A/LanguageModeling
0x0000000002fdd000 	/usr/lib/libmarisa.dylib
0x0000000002fdd000 	/usr/lib/libChineseTokenizer.dylib
0x0000000002fdd000 	/usr/lib/libcmph.dylib
0x0000000002fdd000 	/System/Library/Frameworks/ServiceManagement.framework/Versions/A/ServiceManagement
0x0000000002fdd000 	/usr/lib/libxslt.1.dylib
0x0000000002fdd000 	/System/Library/Frameworks/Carbon.framework/Versions/A/Frameworks/Ink.framework/Versions/A/Ink
0x0000000002fdd000 	/usr/lib/libFosl_dynamic.dylib
0x0000000002fdd000 	/System/Library/PrivateFrameworks/FaceCore.framework/Versions/A/FaceCore
0x0000000002fdd000 	/System/Library/Frameworks/OpenCL.framework/Versions/A/OpenCL
0x0000000002fdd000 	/System/Library/PrivateFrameworks/CrashReporterSupport.framework/Versions/A/CrashReporterSupport
0x0000000002fdd000 	/System/Library/PrivateFrameworks/IconServices.framework/Versions/A/IconServices
0x0000000002fdd000 	/System/Library/PrivateFrameworks/Apple80211.framework/Versions/A/Apple80211
0x0000000002fdd000 	/System/Library/Frameworks/CoreWLAN.framework/Versions/A/CoreWLAN
0x0000000002fdd000 	/System/Library/Frameworks/IOBluetooth.framework/Versions/A/IOBluetooth
0x0000000002fdd000 	/System/Library/PrivateFrameworks/CoreWiFi.framework/Versions/A/CoreWiFi
0x0000000002fdd000 	/System/Library/Frameworks/CoreBluetooth.framework/Versions/A/CoreBluetooth
0x0000000002fdd000 	/System/Library/PrivateFrameworks/ChunkingLibrary.framework/Versions/A/ChunkingLibrary
0x0000000002fdd000 	/System/Library/PrivateFrameworks/DebugSymbols.framework/Versions/A/DebugSymbols
0x0000000002fdd000 	/System/Library/PrivateFrameworks/CoreSymbolication.framework/Versions/A/CoreSymbolication
0x0000000002fdd000 	/System/Library/PrivateFrameworks/Symbolication.framework/Versions/A/Symbolication
0x0000000002fdd000 	/System/Library/PrivateFrameworks/SpeechRecognitionCore.framework/Versions/A/SpeechRecognitionCore
0x000000010a6cd000 	/Library/Java/JavaVirtualMachines/jdk1.8.0_40.jdk/Contents/Home/jre/lib/server/libjvm.dylib
0x0000000002fdd000 	/usr/lib/libstdc++.6.dylib
0x000000010b636000 	/Library/Java/JavaVirtualMachines/jdk1.8.0_40.jdk/Contents/Home/jre/lib/libverify.dylib
0x000000010b648000 	/Library/Java/JavaVirtualMachines/jdk1.8.0_40.jdk/Contents/Home/jre/lib/libjava.dylib
0x000000010b687000 	/Library/Java/JavaVirtualMachines/jdk1.8.0_40.jdk/Contents/Home/jre/lib/libzip.dylib
0x0000000121801000 	/System/Library/Frameworks/JavaVM.framework/Frameworks/JavaRuntimeSupport.framework/JavaRuntimeSupport
0x000000012181c000 	/System/Library/Frameworks/JavaVM.framework/Versions/A/Frameworks/JavaNativeFoundation.framework/Versions/A/JavaNativeFoundation
0x000000010b7f2000 	/System/Library/Frameworks/JavaVM.framework/Versions/A/JavaVM
0x0000000002fdd000 	/System/Library/Frameworks/Carbon.framework/Versions/A/Carbon
0x0000000121831000 	/System/Library/PrivateFrameworks/JavaLaunching.framework/Versions/A/JavaLaunching
0x0000000002fdd000 	/System/Library/Frameworks/Carbon.framework/Versions/A/Frameworks/CommonPanels.framework/Versions/A/CommonPanels
0x0000000002fdd000 	/System/Library/Frameworks/Carbon.framework/Versions/A/Frameworks/Help.framework/Versions/A/Help
0x0000000002fdd000 	/System/Library/Frameworks/Carbon.framework/Versions/A/Frameworks/ImageCapture.framework/Versions/A/ImageCapture
0x0000000002fdd000 	/System/Library/Frameworks/Carbon.framework/Versions/A/Frameworks/OpenScripting.framework/Versions/A/OpenScripting
0x0000000002fdd000 	/System/Library/Frameworks/Carbon.framework/Versions/A/Frameworks/Print.framework/Versions/A/Print
0x0000000002fdd000 	/System/Library/Frameworks/Carbon.framework/Versions/A/Frameworks/SecurityHI.framework/Versions/A/SecurityHI
0x0000000123198000 	/Library/Java/JavaVirtualMachines/jdk1.8.0_40.jdk/Contents/Home/jre/lib/libawt.dylib
0x0000000123240000 	/Library/Java/JavaVirtualMachines/jdk1.8.0_40.jdk/Contents/Home/jre/lib/./libmlib_image.dylib
0x000000012330c000 	/Library/Java/JavaVirtualMachines/jdk1.8.0_40.jdk/Contents/Home/jre/lib/libawt_lwawt.dylib
0x00000001233c0000 	/Library/Java/JavaVirtualMachines/jdk1.8.0_40.jdk/Contents/Home/jre/lib/./libosxapp.dylib
0x0000000002fdd000 	/System/Library/Frameworks/ExceptionHandling.framework/Versions/A/ExceptionHandling
0x0000000002fdd000 	/System/Library/PrivateFrameworks/CoreServicesInternal.framework/Versions/A/CoreServicesInternal
0x0000000002fdd000 	/System/Library/Frameworks/CoreGraphics.framework/Versions/A/Resources/libRIP.A.dylib
0x0000000002fdd000 	/System/Library/Frameworks/Accelerate.framework/Versions/A/Frameworks/vImage.framework/Versions/A/Libraries/libCGInterfaces.dylib
0x0000000002fdd000 	/System/Library/Frameworks/CoreGraphics.framework/Versions/A/Resources/libCGXType.A.dylib
0x0000000002fdd000 	/System/Library/Frameworks/OpenCL.framework/Versions/A/Libraries/libcldcpuengine.dylib
0x0000000002fdd000 	/System/Library/PrivateFrameworks/DiskImages.framework/Versions/A/DiskImages
0x0000000002fdd000 	/System/Library/Frameworks/DiscRecording.framework/Versions/A/DiscRecording
0x0000000002fdd000 	/usr/lib/libcsfde.dylib
0x0000000002fdd000 	/usr/lib/libcurl.4.dylib
0x0000000002fdd000 	/System/Library/PrivateFrameworks/MediaKit.framework/Versions/A/MediaKit
0x0000000002fdd000 	/System/Library/PrivateFrameworks/ProtectedCloudStorage.framework/Versions/A/ProtectedCloudStorage
0x0000000002fdd000 	/usr/lib/libCoreStorage.dylib
0x0000000002fdd000 	/System/Library/PrivateFrameworks/EFILogin.framework/Versions/A/EFILogin
0x0000000002fdd000 	/usr/lib/libutil.dylib
0x0000000002fdd000 	/System/Library/PrivateFrameworks/FindMyDevice.framework/Versions/A/FindMyDevice
0x0000000002fdd000 	/System/Library/Frameworks/LDAP.framework/Versions/A/LDAP
0x0000000002fdd000 	/usr/lib/libsasl2.2.dylib
0x0000000002fdd000 	/System/Library/PrivateFrameworks/CoreDaemon.framework/Versions/B/CoreDaemon
0x0000000002fdd000 	/usr/lib/libcrypto.0.9.8.dylib
0x0000000002fdd000 	/System/Library/PrivateFrameworks/AppleSRP.framework/Versions/A/AppleSRP
0x0000000002fdd000 	/System/Library/PrivateFrameworks/TrustEvaluationAgent.framework/Versions/A/TrustEvaluationAgent
0x000000012509a000 	cl_kernels
0x0000000002fdd000 	/System/Library/Frameworks/OpenCL.framework/Versions/A/Libraries/ImageFormats/unorm8_bgra.dylib
0x0000000002fdd000 	/System/Library/Frameworks/OpenCL.framework/Versions/A/Libraries/ImageFormats/unorm8_rgba.dylib
0x0000000002fdd000 	/System/Library/PrivateFrameworks/FamilyControls.framework/Versions/A/FamilyControls
0x0000000002fdd000 	/System/Library/PrivateFrameworks/CommerceKit.framework/Versions/A/Frameworks/CommerceCore.framework/Versions/A/CommerceCore
0x0000000002fdd000 	/System/Library/PrivateFrameworks/SystemAdministration.framework/Versions/A/SystemAdministration
0x0000000002fdd000 	/System/Library/PrivateFrameworks/AppContainer.framework/Versions/A/AppContainer
0x0000000002fdd000 	/System/Library/PrivateFrameworks/SecCodeWrapper.framework/Versions/A/SecCodeWrapper
0x0000000002fdd000 	/System/Library/Frameworks/DirectoryService.framework/Versions/A/DirectoryService
0x0000000002fdd000 	/System/Library/PrivateFrameworks/LoginUIKit.framework/Versions/A/Frameworks/LoginUICore.framework/Versions/A/LoginUICore
0x0000000002fdd000 	/usr/lib/libodfde.dylib
0x0000000002fdd000 	/System/Library/Frameworks/OpenGL.framework/Versions/A/Resources/GLEngine.bundle/GLEngine
0x0000000002fdd000 	/System/Library/Frameworks/OpenGL.framework/Versions/A/Libraries/libGLProgrammability.dylib
0x00000001261ba000 	/System/Library/Extensions/AppleIntelBDWGraphicsGLDriver.bundle/Contents/MacOS/AppleIntelBDWGraphicsGLDriver
0x0000000002fdd000 	/System/Library/PrivateFrameworks/GPUSupport.framework/Versions/A/Libraries/libGPUSupportMercury.dylib
0x0000000002fdd000 	/System/Library/Frameworks/OpenGL.framework/Versions/A/Resources/GLRendererFloat.bundle/GLRendererFloat
0x0000000127286000 	/Library/Java/JavaVirtualMachines/jdk1.8.0_40.jdk/Contents/Home/jre/lib/libfontmanager.dylib
0x00000001272ed000 	/Library/Java/JavaVirtualMachines/jdk1.8.0_40.jdk/Contents/Home/jre/lib/libosxui.dylib
0x0000000124ed0000 	/Library/Java/JavaVirtualMachines/jdk1.8.0_40.jdk/Contents/Home/jre/lib/libnet.dylib
0x0000000127d74000 	/Library/Java/JavaVirtualMachines/jdk1.8.0_40.jdk/Contents/Home/jre/lib/libnio.dylib
0x000000012a130000 	/System/Library/Extensions/AppleIntelBDWGraphicsMTLDriver.bundle/Contents/MacOS/AppleIntelBDWGraphicsMTLDriver
0x000000012e0cb000 	/private/var/folders/8h/_bk2ydys2r5b03fnvbp3q5zh0000gn/T/jna--1838631454/jna547727896210694531.tmp
0x000000012e039000 	/Users/albertoSita/Desktop/2p_4/2p/dynLib/libjcocoa.dylib

VM Arguments:
jvm_args: -Djava.library.path=/Users/albertoSita/Desktop/2p_4/2p/dynLib -Dfile.encoding=UTF-8 
java_command: alice.tuprologx.ide.GUILauncher
java_class_path (initial): /Users/albertoSita/Desktop/2p_4/2p/bin:/Users/albertoSita/Desktop/2p_4/2p/lib/junit.jar:/Users/albertoSita/Desktop/2p_4/2p/lib/ikvm-api.jar:/Users/albertoSita/Desktop/2p_4/2p/lib/mscorlib.jar:/Users/albertoSita/Desktop/2p_4/2p/lib/rsyntaxtextarea.jar:/Users/albertoSita/Desktop/2p_4/2p/lib/autocomplete.jar:/Users/albertoSita/Desktop/2p_4/2p/lib/concordion-1.4.7.jar:/Users/albertoSita/Desktop/2p_4/2p/lib/concordion-extensions-1.1.0.jar:/Users/albertoSita/Desktop/2p_4/2p/RoboVM_SDK/lib/robovm-cocoatouch.jar:/Users/albertoSita/Desktop/2p_4/2p/RoboVM_SDK/lib/robovm-objc.jar:/Users/albertoSita/Desktop/2p_4/2p/RoboVM_SDK/lib/robovm-rt.jar:/Users/albertoSita/Desktop/2p_4/2p/lib/ObjC/jna-4.0.0.jar:/Users/albertoSita/Desktop/2p_4/2p/lib/ObjC/ObjCBridge.jar:/Users/albertoSita/.p2/pool/plugins/org.junit_4.12.0.v201504281640/junit.jar:/Users/albertoSita/.p2/pool/plugins/org.hamcrest.core_1.3.0.v201303031735.jar:/Users/albertoSita/Desktop/2p_4/2p/lib/hamcrest-core-1.3.jar:/Users/albertoSita/Desktop/2p_4/2p/lib/ognl-2.6.9.jar:/Users/albertoSita/Desktop/2p_4/2p/lib/xom-1.2.5.jar:/Users/albertoSita/Desktop/2p_4/2p/lib/jflex/JFlex.jar:/Users/albertoSita/Desktop/2p_4/2p/lib/commons-lang3-3.3.2.jar:/Users/albertoSita/Desktop/2p_4/2p/lib/javassist.jar
Launcher Type: SUN_STANDARD

Environment Variables:
PATH=/usr/bin:/bin:/usr/sbin:/sbin
SHELL=/bin/bash

Signal Handlers:
SIGSEGV: [libjvm.dylib+0x58ef95], sa_mask[0]=11111111011111110111111111111111, sa_flags=SA_ONSTACK|SA_RESTART|SA_SIGINFO
SIGBUS: [libjvm.dylib+0x58ef95], sa_mask[0]=11111111011111110111111111111111, sa_flags=SA_RESTART|SA_SIGINFO
SIGFPE: [libjvm.dylib+0x46c118], sa_mask[0]=11111111011111110111111111111111, sa_flags=SA_RESTART|SA_SIGINFO
SIGPIPE: [libjvm.dylib+0x46c118], sa_mask[0]=11111111011111110111111111111111, sa_flags=SA_RESTART|SA_SIGINFO
SIGXFSZ: [libjvm.dylib+0x46c118], sa_mask[0]=11111111011111110111111111111111, sa_flags=SA_RESTART|SA_SIGINFO
SIGILL: [libjvm.dylib+0x46c118], sa_mask[0]=11111111011111110111111111111111, sa_flags=SA_RESTART|SA_SIGINFO
SIGUSR1: SIG_DFL, sa_mask[0]=00000000000000000000000000000000, sa_flags=none
SIGUSR2: [libjvm.dylib+0x46bc36], sa_mask[0]=00100000000000000000000000000000, sa_flags=SA_RESTART|SA_SIGINFO
SIGHUP: [libjvm.dylib+0x46a209], sa_mask[0]=11111111011111110111111111111111, sa_flags=SA_RESTART|SA_SIGINFO
SIGINT: [libjvm.dylib+0x46a209], sa_mask[0]=11111111011111110111111111111111, sa_flags=SA_RESTART|SA_SIGINFO
SIGTERM: [libjvm.dylib+0x46a209], sa_mask[0]=11111111011111110111111111111111, sa_flags=SA_RESTART|SA_SIGINFO
SIGQUIT: [libjvm.dylib+0x46a209], sa_mask[0]=11111111011111110111111111111111, sa_flags=SA_RESTART|SA_SIGINFO


---------------  S Y S T E M  ---------------

OS:Bsduname:Darwin 15.6.0 Darwin Kernel Version 15.6.0: Mon Aug 29 20:21:34 PDT 2016; root:xnu-3248.60.11~1/RELEASE_X86_64 x86_64
rlimit: STACK 8192k, CORE 0k, NPROC 709, NOFILE 10240, AS infinity
load average:1.34 1.22 1.35

CPU:total 4 (2 cores per cpu, 2 threads per core) family 6 model 61 stepping 4, cmov, cx8, fxsr, mmx, sse, sse2, sse3, ssse3, sse4.1, sse4.2, popcnt, avx, avx2, aes, clmul, erms, 3dnowpref, lzcnt, ht, tsc, tscinvbit, bmi1, bmi2, adx

Memory: 4k page, physical 8388608k(2161612k free)

/proc/meminfo:


vm_info: Java HotSpot(TM) 64-Bit Server VM (25.40-b25) for bsd-amd64 JRE (1.8.0_40-b27), built on Mar 13 2015 04:46:52 by "java_re" with gcc 4.2.1 (Based on Apple Inc. build 5658) (LLVM build 2336.11.00)

time: Thu Sep 22 21:28:27 2016
elapsed time: 53 seconds (0d 0h 0m 53s)

